Using pre-set license
Built from '2020.3/staging' branch; Version is '2020.3.18f1 (a7d1c678663c) revision 10998214'; Using compiler version '192528614'; Build Type 'Release'
OS: 'Windows 10 Home Single Language; OS build 19042.1165; Version 2009; 64bit' Language: 'pt' Physical Memory: 6020 MB
BatchMode: 1, IsHumanControllingUs: 0, StartBugReporterOnCrash: 0, Is64bit: 1, IsPro: 0

COMMAND LINE ARGUMENTS:
C:\Program Files\Unity\Editor\Unity.exe
-adb2
-batchMode
-noUpm
-name
AssetImportWorker0
-projectPath
C:/Users/teo-s/Documents/GitHub/asteroides-EBAC
-logFile
Logs/AssetImportWorker0.log
-srvPort
53989
Successfully changed project path to: C:/Users/teo-s/Documents/GitHub/asteroides-EBAC
C:/Users/teo-s/Documents/GitHub/asteroides-EBAC
Using Asset Import Pipeline V2.
Refreshing native plugins compatible for Editor in 107.44 ms, found 2 plugins.
Preloading 0 native plugins for Editor in 0.00 ms.
Initialize engine version: 2020.3.18f1 (a7d1c678663c)
[Subsystems] Discovering subsystems at path C:/Program Files/Unity/Editor/Data/Resources/UnitySubsystems
[Subsystems] Discovering subsystems at path C:/Users/teo-s/Documents/GitHub/asteroides-EBAC/Assets
GfxDevice: creating device client; threaded=0
Direct3D:
    Version:  Direct3D 11.0 [level 11.1]
    Renderer: AMD Radeon(TM) RX Vega 10 Graphics (ID=0x15d8)
    Vendor:   
    VRAM:     3010 MB
    Driver:   27.20.11028.10001
Initialize mono
Mono path[0] = 'C:/Program Files/Unity/Editor/Data/Managed'
Mono path[1] = 'C:/Program Files/Unity/Editor/Data/MonoBleedingEdge/lib/mono/unityjit'
Mono config path = 'C:/Program Files/Unity/Editor/Data/MonoBleedingEdge/etc'
Using monoOptions --debugger-agent=transport=dt_socket,embedding=1,server=y,suspend=n,address=127.0.0.1:56572
Begin MonoManager ReloadAssembly
Registering precompiled unity dll's ...
Register platform support module: C:/Program Files/Unity/Editor/Data/PlaybackEngines/WindowsStandaloneSupport/UnityEditor.WindowsStandalone.Extensions.dll
Registered in 0.012656 seconds.
Native extension for WindowsStandalone target not found
Refreshing native plugins compatible for Editor in 96.11 ms, found 2 plugins.
Preloading 0 native plugins for Editor in 0.00 ms.
Mono: successfully reloaded assembly
- Completed reload, in  4.980 seconds
Domain Reload Profiling:
	ReloadAssembly (4980ms)
		BeginReloadAssembly (223ms)
			ExecutionOrderSort (0ms)
			DisableScriptedObjects (0ms)
			BackupInstance (0ms)
			ReleaseScriptingObjects (0ms)
			CreateAndSetChildDomain (2ms)
		EndReloadAssembly (1373ms)
			LoadAssemblies (213ms)
			RebuildTransferFunctionScriptingTraits (0ms)
			SetupTypeCache (487ms)
			ReleaseScriptCaches (0ms)
			RebuildScriptCaches (96ms)
			SetupLoadedEditorAssemblies (533ms)
				LogAssemblyErrors (0ms)
				InitializePlatformSupportModulesInManaged (14ms)
				SetLoadedEditorAssemblies (1ms)
				RefreshPlugins (96ms)
				BeforeProcessingInitializeOnLoad (28ms)
				ProcessInitializeOnLoadAttributes (277ms)
				ProcessInitializeOnLoadMethodAttributes (116ms)
				AfterProcessingInitializeOnLoad (0ms)
				EditorAssembliesLoaded (1ms)
			ExecutionOrderSort2 (0ms)
			AwakeInstancesAfterBackupRestoration (0ms)
Platform modules already initialized, skipping
Registering precompiled user dll's ...
Registered in 0.016922 seconds.
Begin MonoManager ReloadAssembly
Native extension for WindowsStandalone target not found
Refreshing native plugins compatible for Editor in 0.73 ms, found 2 plugins.
Preloading 0 native plugins for Editor in 0.00 ms.
Mono: successfully reloaded assembly
- Completed reload, in  3.591 seconds
Domain Reload Profiling:
	ReloadAssembly (3594ms)
		BeginReloadAssembly (759ms)
			ExecutionOrderSort (0ms)
			DisableScriptedObjects (18ms)
			BackupInstance (0ms)
			ReleaseScriptingObjects (0ms)
			CreateAndSetChildDomain (67ms)
		EndReloadAssembly (2623ms)
			LoadAssemblies (380ms)
			RebuildTransferFunctionScriptingTraits (0ms)
			SetupTypeCache (870ms)
			ReleaseScriptCaches (1ms)
			RebuildScriptCaches (129ms)
			SetupLoadedEditorAssemblies (1007ms)
				LogAssemblyErrors (0ms)
				InitializePlatformSupportModulesInManaged (16ms)
				SetLoadedEditorAssemblies (1ms)
				RefreshPlugins (1ms)
				BeforeProcessingInitializeOnLoad (189ms)
				ProcessInitializeOnLoadAttributes (758ms)
				ProcessInitializeOnLoadMethodAttributes (15ms)
				AfterProcessingInitializeOnLoad (25ms)
				EditorAssembliesLoaded (1ms)
			ExecutionOrderSort2 (0ms)
			AwakeInstancesAfterBackupRestoration (21ms)
Platform modules already initialized, skipping
========================================================================
Worker process is ready to serve import requests
Launched and connected shader compiler UnityShaderCompiler.exe after 0.16 seconds
Refreshing native plugins compatible for Editor in 0.70 ms, found 2 plugins.
Preloading 0 native plugins for Editor in 0.00 ms.
Unloading 1398 Unused Serialized files (Serialized files now loaded: 0)
System memory in use before: 64.8 MB.
System memory in use after: 64.9 MB.

Unloading 16 unused Assets to reduce memory usage. Loaded Objects now: 1831.
Total: 7.944400 ms (FindLiveObjects: 0.367700 ms CreateObjectMapping: 0.084900 ms MarkObjects: 7.266200 ms  DeleteObjects: 0.221700 ms)

AssetImportParameters requested are different than current active one (requested -> active):
  custom:framework-win-MediaFoundation: 216162199b28c13a410421893ffa2e32 -> 
  custom:video-decoder-ogg-theora: a1e56fd34408186e4bbccfd4996cb3dc -> 
  custom:container-muxer-webm: aa71ff27fc2769a1b78a27578f13a17b -> 
  custom:container-demuxer-webm: 4f35f7cbe854078d1ac9338744f61a02 -> 
  custom:container-demuxer-ogg: 62fdf1f143b41e24485cea50d1cbac27 -> 
  custom:video-encoder-webm-vp8: eb34c28f22e8b96e1ab97ce403110664 -> 
  custom:video-codec-MediaFoundation-h265: 746d11721c4dcdbdad8f713fa42b33f4 -> 
  custom:video-decoder-webm-vp8: 9c59270c3fd7afecdb556c50c9e8de78 -> 
  custom:audio-decoder-ogg-vorbis: bf7c407c2cedff20999df2af8eb42d56 -> 
  custom:audio-encoder-webm-vorbis: bf7c407c2cedff20999df2af8eb42d56 -> 
========================================================================
Received Import Request.
  path: Assets/kisspng-syringe-hypodermic-needle-computer-icons-clip-art-5b1e7dfe184e56.6809932015287249900996.png
  artifactKey: Guid(ee6e750e85a1be044996b20c43e71234) Importer(815301076,1909f56bfc062723c751e8b465ee728b)
Start importing Assets/kisspng-syringe-hypodermic-needle-computer-icons-clip-art-5b1e7dfe184e56.6809932015287249900996.png using Guid(ee6e750e85a1be044996b20c43e71234) Importer(815301076,1909f56bfc062723c751e8b465ee728b)  -> (artifact id: '6cbc13b0453957671fc41e61831bd1d1') in 0.430714 seconds 
  Import took 0.436793 seconds .

========================================================================
Received Import Request.
  Time since last request: 0.000776 seconds.
  path: Assets/corona.png
  artifactKey: Guid(2e4ee7f04c9629d499bdb9e8a9be9c9b) Importer(815301076,1909f56bfc062723c751e8b465ee728b)
Start importing Assets/corona.png using Guid(2e4ee7f04c9629d499bdb9e8a9be9c9b) Importer(815301076,1909f56bfc062723c751e8b465ee728b)  -> (artifact id: '00006d5f6afbcba694f5437777f11ddf') in 0.045110 seconds 
  Import took 0.052166 seconds .

========================================================================
Received Import Request.
  Time since last request: 4.385603 seconds.
  path: Assets/Scenes 1
  artifactKey: Guid(e2e1f7df918d4a145848a628942aee0e) Importer(815301076,1909f56bfc062723c751e8b465ee728b)
Start importing Assets/Scenes 1 using Guid(e2e1f7df918d4a145848a628942aee0e) Importer(815301076,1909f56bfc062723c751e8b465ee728b)  -> (artifact id: 'a31151d7147697278fea04148d608a1e') in 0.011744 seconds 
  Import took 0.023002 seconds .

========================================================================
Received Import Request.
  Time since last request: 0.059754 seconds.
  path: Assets/Scenes 1
  artifactKey: Guid(e2e1f7df918d4a145848a628942aee0e) Importer(815301076,1909f56bfc062723c751e8b465ee728b)
Start importing Assets/Scenes 1 using Guid(e2e1f7df918d4a145848a628942aee0e) Importer(815301076,1909f56bfc062723c751e8b465ee728b)  -> (artifact id: 'a31151d7147697278fea04148d608a1e') in 0.007397 seconds 
  Import took 0.014219 seconds .

========================================================================
Received Import Request.
  Time since last request: 16.552494 seconds.
  path: Assets/Day 1
  artifactKey: Guid(e7f6a7ce36f069d48836eadf359ea3fe) Importer(815301076,1909f56bfc062723c751e8b465ee728b)
Start importing Assets/Day 1 using Guid(e7f6a7ce36f069d48836eadf359ea3fe) Importer(815301076,1909f56bfc062723c751e8b465ee728b)  -> (artifact id: '692afd3b014944c51f8209dbd56d259a') in 0.011329 seconds 
  Import took 0.018903 seconds .

========================================================================
Received Prepare
Registering precompiled user dll's ...
Registered in 0.012989 seconds.
Begin MonoManager ReloadAssembly
Native extension for WindowsStandalone target not found
Refreshing native plugins compatible for Editor in 0.73 ms, found 2 plugins.
Preloading 0 native plugins for Editor in 0.00 ms.
Mono: successfully reloaded assembly
- Completed reload, in  3.338 seconds
Domain Reload Profiling:
	ReloadAssembly (3340ms)
		BeginReloadAssembly (353ms)
			ExecutionOrderSort (0ms)
			DisableScriptedObjects (17ms)
			BackupInstance (0ms)
			ReleaseScriptingObjects (0ms)
			CreateAndSetChildDomain (90ms)
		EndReloadAssembly (2737ms)
			LoadAssemblies (329ms)
			RebuildTransferFunctionScriptingTraits (0ms)
			SetupTypeCache (947ms)
			ReleaseScriptCaches (2ms)
			RebuildScriptCaches (132ms)
			SetupLoadedEditorAssemblies (1007ms)
				LogAssemblyErrors (0ms)
				InitializePlatformSupportModulesInManaged (17ms)
				SetLoadedEditorAssemblies (1ms)
				RefreshPlugins (1ms)
				BeforeProcessingInitializeOnLoad (185ms)
				ProcessInitializeOnLoadAttributes (754ms)
				ProcessInitializeOnLoadMethodAttributes (14ms)
				AfterProcessingInitializeOnLoad (33ms)
				EditorAssembliesLoaded (1ms)
			ExecutionOrderSort2 (0ms)
			AwakeInstancesAfterBackupRestoration (26ms)
Platform modules already initialized, skipping
Refreshing native plugins compatible for Editor in 0.78 ms, found 2 plugins.
Preloading 0 native plugins for Editor in 0.00 ms.
Unloading 1392 Unused Serialized files (Serialized files now loaded: 0)
System memory in use before: 67.7 MB.
System memory in use after: 67.8 MB.

Unloading 11 unused Assets to reduce memory usage. Loaded Objects now: 1841.
Total: 7.529200 ms (FindLiveObjects: 0.365500 ms CreateObjectMapping: 0.086100 ms MarkObjects: 7.034200 ms  DeleteObjects: 0.039800 ms)

AssetImportParameters requested are different than current active one (requested -> active):
  custom:framework-win-MediaFoundation: 216162199b28c13a410421893ffa2e32 -> 
  custom:video-decoder-ogg-theora: a1e56fd34408186e4bbccfd4996cb3dc -> 
  custom:container-muxer-webm: aa71ff27fc2769a1b78a27578f13a17b -> 
  custom:container-demuxer-webm: 4f35f7cbe854078d1ac9338744f61a02 -> 
  custom:container-demuxer-ogg: 62fdf1f143b41e24485cea50d1cbac27 -> 
  custom:video-encoder-webm-vp8: eb34c28f22e8b96e1ab97ce403110664 -> 
  custom:video-codec-MediaFoundation-h265: 746d11721c4dcdbdad8f713fa42b33f4 -> 
  custom:video-decoder-webm-vp8: 9c59270c3fd7afecdb556c50c9e8de78 -> 
  custom:audio-decoder-ogg-vorbis: bf7c407c2cedff20999df2af8eb42d56 -> 
  custom:audio-encoder-webm-vorbis: bf7c407c2cedff20999df2af8eb42d56 -> 
========================================================================
Received Import Request.
  Time since last request: 65.924192 seconds.
  path: Assets/Scenes
  artifactKey: Guid(e2e1f7df918d4a145848a628942aee0e) Importer(815301076,1909f56bfc062723c751e8b465ee728b)
Start importing Assets/Scenes using Guid(e2e1f7df918d4a145848a628942aee0e) Importer(815301076,1909f56bfc062723c751e8b465ee728b)  -> (artifact id: 'ef02b746c83bd21a3008778efc101531') in 0.032444 seconds 
  Import took 0.040210 seconds .

========================================================================
Received Import Request.
  Time since last request: 9.697684 seconds.
  path: Assets/Scenes/game.unity
  artifactKey: Guid(d482fb441b175b94a9a252137498bfa6) Importer(815301076,1909f56bfc062723c751e8b465ee728b)
Start importing Assets/Scenes/game.unity using Guid(d482fb441b175b94a9a252137498bfa6) Importer(815301076,1909f56bfc062723c751e8b465ee728b)  -> (artifact id: '461ac6f90a83c0e623058fbb66dc43da') in 0.034130 seconds 
  Import took 0.044219 seconds .

========================================================================
Received Import Request.
  Time since last request: 0.008507 seconds.
  path: Assets/Scenes/game.unity
  artifactKey: Guid(d482fb441b175b94a9a252137498bfa6) Importer(815301076,1909f56bfc062723c751e8b465ee728b)
Start importing Assets/Scenes/game.unity using Guid(d482fb441b175b94a9a252137498bfa6) Importer(815301076,1909f56bfc062723c751e8b465ee728b)  -> (artifact id: '461ac6f90a83c0e623058fbb66dc43da') in 0.013179 seconds 
  Import took 0.020598 seconds .

========================================================================
Received Import Request.
  Time since last request: 172.656969 seconds.
  path: Assets/Scripts
  artifactKey: Guid(d91e5c2db3dc68342aacd46bf7b7fc5e) Importer(815301076,1909f56bfc062723c751e8b465ee728b)
Start importing Assets/Scripts using Guid(d91e5c2db3dc68342aacd46bf7b7fc5e) Importer(815301076,1909f56bfc062723c751e8b465ee728b)  -> (artifact id: 'd6634c62d3eb610aeac8da050d683db8') in 0.025772 seconds 
  Import took 0.032629 seconds .

========================================================================
Received Import Request.
  Time since last request: 0.012429 seconds.
  path: Assets/Scripts
  artifactKey: Guid(d91e5c2db3dc68342aacd46bf7b7fc5e) Importer(815301076,1909f56bfc062723c751e8b465ee728b)
Start importing Assets/Scripts using Guid(d91e5c2db3dc68342aacd46bf7b7fc5e) Importer(815301076,1909f56bfc062723c751e8b465ee728b)  -> (artifact id: 'd6634c62d3eb610aeac8da050d683db8') in 0.008294 seconds 
  Import took 0.015181 seconds .

========================================================================
Received Import Request.
  Time since last request: 19.700964 seconds.
  path: Assets/Scripts/Movimentacao-jogador.cs
  artifactKey: Guid(9e5768e2e946a9e448ab06d322dcaf87) Importer(815301076,1909f56bfc062723c751e8b465ee728b)
Start importing Assets/Scripts/Movimentacao-jogador.cs using Guid(9e5768e2e946a9e448ab06d322dcaf87) Importer(815301076,1909f56bfc062723c751e8b465ee728b)  -> (artifact id: '6294d59120e7961332720c6bb52093f7') in 0.037180 seconds 
  Import took 0.044613 seconds .

========================================================================
Received Import Request.
  Time since last request: 0.016270 seconds.
  path: Assets/Scripts/Movimentacao-jogador.cs
  artifactKey: Guid(9e5768e2e946a9e448ab06d322dcaf87) Importer(815301076,1909f56bfc062723c751e8b465ee728b)
Start importing Assets/Scripts/Movimentacao-jogador.cs using Guid(9e5768e2e946a9e448ab06d322dcaf87) Importer(815301076,1909f56bfc062723c751e8b465ee728b)  -> (artifact id: '6294d59120e7961332720c6bb52093f7') in 0.007778 seconds 
  Import took 0.015287 seconds .

========================================================================
Received Import Request.
  Time since last request: 17.517027 seconds.
  path: Assets/Scripts/MovimentacaoJogador.cs
  artifactKey: Guid(9e5768e2e946a9e448ab06d322dcaf87) Importer(815301076,1909f56bfc062723c751e8b465ee728b)
Start importing Assets/Scripts/MovimentacaoJogador.cs using Guid(9e5768e2e946a9e448ab06d322dcaf87) Importer(815301076,1909f56bfc062723c751e8b465ee728b)  -> (artifact id: '213c6c7d7a08058a9aea1b4056c85a3e') in 0.007661 seconds 
  Import took 0.014226 seconds .

========================================================================
Received Import Request.
  Time since last request: 14.623953 seconds.
  path: Assets/Scripts/MoviJogador.cs
  artifactKey: Guid(9e5768e2e946a9e448ab06d322dcaf87) Importer(815301076,1909f56bfc062723c751e8b465ee728b)
Start importing Assets/Scripts/MoviJogador.cs using Guid(9e5768e2e946a9e448ab06d322dcaf87) Importer(815301076,1909f56bfc062723c751e8b465ee728b)  -> (artifact id: 'bba6eec9167e5bdec1b9e3536d6930cc') in 0.011234 seconds 
  Import took 0.035593 seconds .

========================================================================
Received Prepare
Registering precompiled user dll's ...
Registered in 0.021864 seconds.
Begin MonoManager ReloadAssembly
Native extension for WindowsStandalone target not found
Refreshing native plugins compatible for Editor in 0.84 ms, found 2 plugins.
Preloading 0 native plugins for Editor in 0.00 ms.
Mono: successfully reloaded assembly
- Completed reload, in  3.893 seconds
Domain Reload Profiling:
	ReloadAssembly (3926ms)
		BeginReloadAssembly (963ms)
			ExecutionOrderSort (0ms)
			DisableScriptedObjects (104ms)
			BackupInstance (0ms)
			ReleaseScriptingObjects (1ms)
			CreateAndSetChildDomain (525ms)
		EndReloadAssembly (2702ms)
			LoadAssemblies (331ms)
			RebuildTransferFunctionScriptingTraits (0ms)
			SetupTypeCache (909ms)
			ReleaseScriptCaches (2ms)
			RebuildScriptCaches (134ms)
			SetupLoadedEditorAssemblies (976ms)
				LogAssemblyErrors (0ms)
				InitializePlatformSupportModulesInManaged (17ms)
				SetLoadedEditorAssemblies (2ms)
				RefreshPlugins (1ms)
				BeforeProcessingInitializeOnLoad (157ms)
				ProcessInitializeOnLoadAttributes (764ms)
				ProcessInitializeOnLoadMethodAttributes (11ms)
				AfterProcessingInitializeOnLoad (25ms)
				EditorAssembliesLoaded (1ms)
			ExecutionOrderSort2 (0ms)
			AwakeInstancesAfterBackupRestoration (21ms)
Platform modules already initialized, skipping
Refreshing native plugins compatible for Editor in 0.77 ms, found 2 plugins.
Preloading 0 native plugins for Editor in 0.00 ms.
Unloading 1393 Unused Serialized files (Serialized files now loaded: 0)
System memory in use before: 67.8 MB.
System memory in use after: 67.9 MB.

Unloading 11 unused Assets to reduce memory usage. Loaded Objects now: 1844.
Total: 11.087700 ms (FindLiveObjects: 0.328700 ms CreateObjectMapping: 0.082200 ms MarkObjects: 10.303300 ms  DeleteObjects: 0.369800 ms)

AssetImportParameters requested are different than current active one (requested -> active):
  custom:framework-win-MediaFoundation: 216162199b28c13a410421893ffa2e32 -> 
  custom:video-decoder-ogg-theora: a1e56fd34408186e4bbccfd4996cb3dc -> 
  custom:container-muxer-webm: aa71ff27fc2769a1b78a27578f13a17b -> 
  custom:container-demuxer-webm: 4f35f7cbe854078d1ac9338744f61a02 -> 
  custom:container-demuxer-ogg: 62fdf1f143b41e24485cea50d1cbac27 -> 
  custom:video-encoder-webm-vp8: eb34c28f22e8b96e1ab97ce403110664 -> 
  custom:video-codec-MediaFoundation-h265: 746d11721c4dcdbdad8f713fa42b33f4 -> 
  custom:video-decoder-webm-vp8: 9c59270c3fd7afecdb556c50c9e8de78 -> 
  custom:audio-decoder-ogg-vorbis: bf7c407c2cedff20999df2af8eb42d56 -> 
  custom:audio-encoder-webm-vorbis: bf7c407c2cedff20999df2af8eb42d56 -> 
AssetImportWorkerClient::OnTransportError - code=2 error=End of file
